<?xml version="1.0" encoding="UTF-8"?>
<coverage generated="1748431398150" clover="3.2.0">
  <project timestamp="1748431398150" name="All files">
    <metrics statements="55" coveredstatements="55" conditionals="15" coveredconditionals="15" methods="31" coveredmethods="31" elements="101" coveredelements="101" complexity="0" loc="55" ncloc="55" packages="9" files="12" classes="12"/>
    <package name="About">
      <metrics statements="13" coveredstatements="13" conditionals="0" coveredconditionals="0" methods="6" coveredmethods="6"/>
      <file name="About.jsx" path="C:\Users\aksha\OneDrive\Desktop\client-2\flowrhex-B\flowrhex-b\src\components\About\About.jsx">
        <metrics statements="13" coveredstatements="13" conditionals="0" coveredconditionals="0" methods="6" coveredmethods="6"/>
        <line num="9" count="1" type="stmt"/>
        <line num="10" count="24" type="stmt"/>
        <line num="26" count="1" type="stmt"/>
        <line num="59" count="1" type="stmt"/>
        <line num="60" count="24" type="stmt"/>
        <line num="71" count="1" type="stmt"/>
        <line num="72" count="18" type="stmt"/>
        <line num="74" count="18" type="stmt"/>
        <line num="75" count="1" type="stmt"/>
        <line num="78" count="18" type="stmt"/>
        <line num="110" count="1" type="stmt"/>
        <line num="111" count="6" type="stmt"/>
        <line num="160" count="18" type="stmt"/>
      </file>
    </package>
    <package name="Contact">
      <metrics statements="6" coveredstatements="6" conditionals="5" coveredconditionals="5" methods="3" coveredmethods="3"/>
      <file name="Contact.jsx" path="C:\Users\aksha\OneDrive\Desktop\client-2\flowrhex-B\flowrhex-b\src\components\Contact\Contact.jsx">
        <metrics statements="6" coveredstatements="6" conditionals="5" coveredconditionals="5" methods="3" coveredmethods="3"/>
        <line num="18" count="1" type="stmt"/>
        <line num="19" count="1" type="stmt"/>
        <line num="20" count="1" type="stmt"/>
        <line num="21" count="1" type="stmt"/>
        <line num="26" count="4" type="stmt"/>
        <line num="68" count="12" type="stmt"/>
      </file>
    </package>
    <package name="Navbar">
      <metrics statements="13" coveredstatements="13" conditionals="8" coveredconditionals="8" methods="6" coveredmethods="6"/>
      <file name="Navbar.jsx" path="C:\Users\aksha\OneDrive\Desktop\client-2\flowrhex-B\flowrhex-b\src\components\Navbar\Navbar.jsx">
        <metrics statements="13" coveredstatements="13" conditionals="8" coveredconditionals="8" methods="6" coveredmethods="6"/>
        <line num="14" count="1" type="stmt"/>
        <line num="15" count="14" type="stmt"/>
        <line num="31" count="1" type="stmt"/>
        <line num="32" count="14" type="stmt"/>
        <line num="33" count="14" type="stmt"/>
        <line num="35" count="14" type="stmt"/>
        <line num="44" count="14" type="stmt"/>
        <line num="92" count="4" type="stmt"/>
        <line num="147" count="84" type="stmt"/>
        <line num="148" count="84" type="stmt"/>
        <line num="170" count="18" type="stmt"/>
        <line num="171" count="18" type="stmt"/>
        <line num="178" count="1" type="stmt"/>
      </file>
    </package>
    <package name="ProductDetailes">
      <metrics statements="11" coveredstatements="11" conditionals="0" coveredconditionals="0" methods="7" coveredmethods="7"/>
      <file name="ProductDetailes.jsx" path="C:\Users\aksha\OneDrive\Desktop\client-2\flowrhex-B\flowrhex-b\src\components\ProductDetailes\ProductDetailes.jsx">
        <metrics statements="5" coveredstatements="5" conditionals="0" coveredconditionals="0" methods="4" coveredmethods="4"/>
        <line num="5" count="1" type="stmt"/>
        <line num="13" count="3" type="stmt"/>
        <line num="27" count="12" type="stmt"/>
        <line num="38" count="9" type="stmt"/>
        <line num="49" count="16" type="stmt"/>
      </file>
      <file name="ProductOne.jsx" path="C:\Users\aksha\OneDrive\Desktop\client-2\flowrhex-B\flowrhex-b\src\components\ProductDetailes\ProductOne.jsx">
        <metrics statements="2" coveredstatements="2" conditionals="0" coveredconditionals="0" methods="1" coveredmethods="1"/>
        <line num="7" count="1" type="stmt"/>
        <line num="8" count="1" type="stmt"/>
      </file>
      <file name="ProductThree.jsx" path="C:\Users\aksha\OneDrive\Desktop\client-2\flowrhex-B\flowrhex-b\src\components\ProductDetailes\ProductThree.jsx">
        <metrics statements="2" coveredstatements="2" conditionals="0" coveredconditionals="0" methods="1" coveredmethods="1"/>
        <line num="6" count="1" type="stmt"/>
        <line num="7" count="1" type="stmt"/>
      </file>
      <file name="ProductTwo.jsx" path="C:\Users\aksha\OneDrive\Desktop\client-2\flowrhex-B\flowrhex-b\src\components\ProductDetailes\ProductTwo.jsx">
        <metrics statements="2" coveredstatements="2" conditionals="0" coveredconditionals="0" methods="1" coveredmethods="1"/>
        <line num="6" count="1" type="stmt"/>
        <line num="7" count="1" type="stmt"/>
      </file>
    </package>
    <package name="Productitems">
      <metrics statements="1" coveredstatements="1" conditionals="0" coveredconditionals="0" methods="1" coveredmethods="1"/>
      <file name="Productitem.jsx" path="C:\Users\aksha\OneDrive\Desktop\client-2\flowrhex-B\flowrhex-b\src\components\Productitems\Productitem.jsx">
        <metrics statements="1" coveredstatements="1" conditionals="0" coveredconditionals="0" methods="1" coveredmethods="1"/>
        <line num="6" count="1" type="stmt"/>
      </file>
    </package>
    <package name="Products">
      <metrics statements="3" coveredstatements="3" conditionals="0" coveredconditionals="0" methods="2" coveredmethods="2"/>
      <file name="Products.jsx" path="C:\Users\aksha\OneDrive\Desktop\client-2\flowrhex-B\flowrhex-b\src\components\Products\Products.jsx">
        <metrics statements="3" coveredstatements="3" conditionals="0" coveredconditionals="0" methods="2" coveredmethods="2"/>
        <line num="14" count="1" type="stmt"/>
        <line num="22" count="1" type="stmt"/>
        <line num="48" count="4" type="stmt"/>
      </file>
    </package>
    <package name="Services">
      <metrics statements="3" coveredstatements="3" conditionals="0" coveredconditionals="0" methods="2" coveredmethods="2"/>
      <file name="Services.jsx" path="C:\Users\aksha\OneDrive\Desktop\client-2\flowrhex-B\flowrhex-b\src\components\Services\Services.jsx">
        <metrics statements="3" coveredstatements="3" conditionals="0" coveredconditionals="0" methods="2" coveredmethods="2"/>
        <line num="11" count="1" type="stmt"/>
        <line num="55" count="3" type="stmt"/>
        <line num="81" count="12" type="stmt"/>
      </file>
    </package>
    <package name="Servicesection">
      <metrics statements="2" coveredstatements="2" conditionals="2" coveredconditionals="2" methods="2" coveredmethods="2"/>
      <file name="Servicesection.jsx" path="C:\Users\aksha\OneDrive\Desktop\client-2\flowrhex-B\flowrhex-b\src\components\Servicesection\Servicesection.jsx">
        <metrics statements="2" coveredstatements="2" conditionals="2" coveredconditionals="2" methods="2" coveredmethods="2"/>
        <line num="5" count="12" type="stmt"/>
        <line num="14" count="24" type="stmt"/>
      </file>
    </package>
    <package name="Technology">
      <metrics statements="3" coveredstatements="3" conditionals="0" coveredconditionals="0" methods="2" coveredmethods="2"/>
      <file name="Technology.jsx" path="C:\Users\aksha\OneDrive\Desktop\client-2\flowrhex-B\flowrhex-b\src\components\Technology\Technology.jsx">
        <metrics statements="3" coveredstatements="3" conditionals="0" coveredconditionals="0" methods="2" coveredmethods="2"/>
        <line num="15" count="1" type="stmt"/>
        <line num="58" count="5" type="stmt"/>
        <line num="113" count="45" type="stmt"/>
      </file>
    </package>
  </project>
</coverage>
