{"C:\\Users\\aksha\\OneDrive\\Desktop\\client-2\\flowrhex-B\\flowrhex-b\\src\\Components\\About\\About.jsx": {"path":"C:\\Users\\aksha\\OneDrive\\Desktop\\client-2\\flowrhex-B\\flowrhex-b\\src\\Components\\About\\About.jsx","statementMap":{"0":{"start":{"line":9,"column":19},"end":{"line":23,"column":1}},"1":{"start":{"line":10,"column":2},"end":{"line":22,"column":15}},"2":{"start":{"line":26,"column":20},"end":{"line":57,"column":1}},"3":{"start":{"line":59,"column":18},"end":{"line":69,"column":1}},"4":{"start":{"line":60,"column":2},"end":{"line":68,"column":8}},"5":{"start":{"line":71,"column":17},"end":{"line":108,"column":1}},"6":{"start":{"line":72,"column":19},"end":{"line":72,"column":32}},"7":{"start":{"line":74,"column":25},"end":{"line":76,"column":3}},"8":{"start":{"line":75,"column":4},"end":{"line":75,"column":35}},"9":{"start":{"line":78,"column":2},"end":{"line":107,"column":4}},"10":{"start":{"line":110,"column":14},"end":{"line":193,"column":1}},"11":{"start":{"line":111,"column":2},"end":{"line":192,"column":4}},"12":{"start":{"line":160,"column":14},"end":{"line":160,"column":54}}},"fnMap":{"0":{"name":"(anonymous_0)","decl":{"start":{"line":9,"column":19},"end":{"line":9,"column":20}},"loc":{"start":{"line":10,"column":2},"end":{"line":22,"column":15}},"line":10},"1":{"name":"(anonymous_1)","decl":{"start":{"line":59,"column":18},"end":{"line":59,"column":19}},"loc":{"start":{"line":60,"column":2},"end":{"line":68,"column":8}},"line":60},"2":{"name":"(anonymous_2)","decl":{"start":{"line":71,"column":17},"end":{"line":71,"column":18}},"loc":{"start":{"line":71,"column":33},"end":{"line":108,"column":1}},"line":71},"3":{"name":"(anonymous_3)","decl":{"start":{"line":74,"column":25},"end":{"line":74,"column":26}},"loc":{"start":{"line":74,"column":31},"end":{"line":76,"column":3}},"line":74},"4":{"name":"(anonymous_4)","decl":{"start":{"line":110,"column":14},"end":{"line":110,"column":15}},"loc":{"start":{"line":110,"column":20},"end":{"line":193,"column":1}},"line":110},"5":{"name":"(anonymous_5)","decl":{"start":{"line":159,"column":29},"end":{"line":159,"column":30}},"loc":{"start":{"line":160,"column":14},"end":{"line":160,"column":54}},"line":160}},"branchMap":{},"s":{"0":1,"1":24,"2":1,"3":1,"4":24,"5":1,"6":18,"7":18,"8":1,"9":18,"10":1,"11":6,"12":18},"f":{"0":24,"1":24,"2":18,"3":1,"4":6,"5":18},"b":{},"_coverageSchema":"1a1c01bbd47fc00a2c39e90264f33305004495a9","hash":"38b753427159b42e5dd676d37b887f3fac6db1b5"}
,"C:\\Users\\aksha\\OneDrive\\Desktop\\client-2\\flowrhex-B\\flowrhex-b\\src\\Components\\Contact\\Contact.jsx": {"path":"C:\\Users\\aksha\\OneDrive\\Desktop\\client-2\\flowrhex-B\\flowrhex-b\\src\\Components\\Contact\\Contact.jsx","statementMap":{"0":{"start":{"line":20,"column":2},"end":{"line":110,"column":4}},"1":{"start":{"line":59,"column":4},"end":{"line":59,"column":37}}},"fnMap":{"0":{"name":"Contact","decl":{"start":{"line":9,"column":9},"end":{"line":9,"column":16}},"loc":{"start":{"line":19,"column":3},"end":{"line":111,"column":1}},"line":19},"1":{"name":"(anonymous_1)","decl":{"start":{"line":18,"column":13},"end":{"line":18,"column":14}},"loc":{"start":{"line":18,"column":19},"end":{"line":18,"column":21}},"line":18},"2":{"name":"(anonymous_2)","decl":{"start":{"line":58,"column":42},"end":{"line":58,"column":43}},"loc":{"start":{"line":59,"column":4},"end":{"line":59,"column":37}},"line":59}},"branchMap":{"0":{"loc":{"start":{"line":10,"column":2},"end":{"line":10,"column":26}},"type":"default-arg","locations":[{"start":{"line":10,"column":14},"end":{"line":10,"column":26}}],"line":10},"1":{"loc":{"start":{"line":11,"column":2},"end":{"line":11,"column":28}},"type":"default-arg","locations":[{"start":{"line":11,"column":19},"end":{"line":11,"column":28}}],"line":11},"2":{"loc":{"start":{"line":12,"column":2},"end":{"line":16,"column":3}},"type":"default-arg","locations":[{"start":{"line":12,"column":19},"end":{"line":16,"column":3}}],"line":12},"3":{"loc":{"start":{"line":17,"column":2},"end":{"line":17,"column":29}},"type":"default-arg","locations":[{"start":{"line":17,"column":15},"end":{"line":17,"column":29}}],"line":17},"4":{"loc":{"start":{"line":18,"column":2},"end":{"line":18,"column":21}},"type":"default-arg","locations":[{"start":{"line":18,"column":13},"end":{"line":18,"column":21}}],"line":18}},"s":{"0":4,"1":12},"f":{"0":4,"1":1,"2":12},"b":{"0":[4],"1":[4],"2":[4],"3":[4],"4":[4]},"_coverageSchema":"1a1c01bbd47fc00a2c39e90264f33305004495a9","hash":"74837e1817341ee2fdcae08157e38a5a770fecf2"}
,"C:\\Users\\aksha\\OneDrive\\Desktop\\client-2\\flowrhex-B\\flowrhex-b\\src\\Components\\Navbar\\Navbar.jsx": {"path":"C:\\Users\\aksha\\OneDrive\\Desktop\\client-2\\flowrhex-B\\flowrhex-b\\src\\Components\\Navbar\\Navbar.jsx","statementMap":{"0":{"start":{"line":14,"column":19},"end":{"line":29,"column":1}},"1":{"start":{"line":15,"column":2},"end":{"line":28,"column":15}},"2":{"start":{"line":31,"column":15},"end":{"line":192,"column":1}},"3":{"start":{"line":32,"column":34},"end":{"line":32,"column":49}},"4":{"start":{"line":33,"column":19},"end":{"line":33,"column":32}},"5":{"start":{"line":35,"column":20},"end":{"line":42,"column":3}},"6":{"start":{"line":44,"column":2},"end":{"line":191,"column":4}},"7":{"start":{"line":92,"column":33},"end":{"line":92,"column":55}},"8":{"start":{"line":147,"column":27},"end":{"line":147,"column":58}},"9":{"start":{"line":148,"column":10},"end":{"line":159,"column":12}},"10":{"start":{"line":170,"column":29},"end":{"line":170,"column":60}},"11":{"start":{"line":171,"column":12},"end":{"line":186,"column":14}},"12":{"start":{"line":178,"column":33},"end":{"line":178,"column":51}}},"fnMap":{"0":{"name":"(anonymous_0)","decl":{"start":{"line":14,"column":19},"end":{"line":14,"column":20}},"loc":{"start":{"line":15,"column":2},"end":{"line":28,"column":15}},"line":15},"1":{"name":"(anonymous_1)","decl":{"start":{"line":31,"column":15},"end":{"line":31,"column":16}},"loc":{"start":{"line":31,"column":21},"end":{"line":192,"column":1}},"line":31},"2":{"name":"(anonymous_2)","decl":{"start":{"line":92,"column":27},"end":{"line":92,"column":28}},"loc":{"start":{"line":92,"column":33},"end":{"line":92,"column":55}},"line":92},"3":{"name":"(anonymous_3)","decl":{"start":{"line":146,"column":23},"end":{"line":146,"column":24}},"loc":{"start":{"line":146,"column":33},"end":{"line":160,"column":9}},"line":146},"4":{"name":"(anonymous_4)","decl":{"start":{"line":169,"column":25},"end":{"line":169,"column":26}},"loc":{"start":{"line":169,"column":35},"end":{"line":187,"column":11}},"line":169},"5":{"name":"(anonymous_5)","decl":{"start":{"line":178,"column":27},"end":{"line":178,"column":28}},"loc":{"start":{"line":178,"column":33},"end":{"line":178,"column":51}},"line":178}},"branchMap":{"0":{"loc":{"start":{"line":93,"column":13},"end":{"line":97,"column":13}},"type":"cond-expr","locations":[{"start":{"line":94,"column":14},"end":{"line":94,"column":62}},{"start":{"line":96,"column":14},"end":{"line":96,"column":61}}],"line":93},"1":{"loc":{"start":{"line":153,"column":18},"end":{"line":153,"column":72}},"type":"cond-expr","locations":[{"start":{"line":153,"column":29},"end":{"line":153,"column":51}},{"start":{"line":153,"column":54},"end":{"line":153,"column":72}}],"line":153},"2":{"loc":{"start":{"line":164,"column":7},"end":{"line":189,"column":7}},"type":"binary-expr","locations":[{"start":{"line":164,"column":7},"end":{"line":164,"column":15}},{"start":{"line":165,"column":8},"end":{"line":188,"column":14}}],"line":164},"3":{"loc":{"start":{"line":180,"column":20},"end":{"line":180,"column":82}},"type":"cond-expr","locations":[{"start":{"line":180,"column":31},"end":{"line":180,"column":57}},{"start":{"line":180,"column":60},"end":{"line":180,"column":82}}],"line":180}},"s":{"0":1,"1":14,"2":1,"3":14,"4":14,"5":14,"6":14,"7":4,"8":84,"9":84,"10":18,"11":18,"12":1},"f":{"0":14,"1":14,"2":4,"3":84,"4":18,"5":1},"b":{"0":[3,11],"1":[14,70],"2":[14,3],"3":[3,15]},"_coverageSchema":"1a1c01bbd47fc00a2c39e90264f33305004495a9","hash":"78c21f52c2fff7d461240004885f8d5d9e57f9ce"}
,"C:\\Users\\aksha\\OneDrive\\Desktop\\client-2\\flowrhex-B\\flowrhex-b\\src\\Components\\Products\\Products.jsx": {"path":"C:\\Users\\aksha\\OneDrive\\Desktop\\client-2\\flowrhex-B\\flowrhex-b\\src\\Components\\Products\\Products.jsx","statementMap":{"0":{"start":{"line":12,"column":21},"end":{"line":29,"column":1}},"1":{"start":{"line":32,"column":20},"end":{"line":106,"column":1}},"2":{"start":{"line":110,"column":2},"end":{"line":184,"column":4}},"3":{"start":{"line":133,"column":18},"end":{"line":136,"column":23}},"4":{"start":{"line":153,"column":18},"end":{"line":156,"column":23}},"5":{"start":{"line":173,"column":18},"end":{"line":176,"column":23}},"6":{"start":{"line":189,"column":2},"end":{"line":267,"column":4}},"7":{"start":{"line":218,"column":10},"end":{"line":227,"column":16}},"8":{"start":{"line":234,"column":8},"end":{"line":234,"column":51}}},"fnMap":{"0":{"name":"ProductDetails","decl":{"start":{"line":109,"column":9},"end":{"line":109,"column":23}},"loc":{"start":{"line":109,"column":95},"end":{"line":185,"column":1}},"line":109},"1":{"name":"(anonymous_1)","decl":{"start":{"line":132,"column":41},"end":{"line":132,"column":42}},"loc":{"start":{"line":133,"column":18},"end":{"line":136,"column":23}},"line":133},"2":{"name":"(anonymous_2)","decl":{"start":{"line":152,"column":34},"end":{"line":152,"column":35}},"loc":{"start":{"line":153,"column":18},"end":{"line":156,"column":23}},"line":153},"3":{"name":"(anonymous_3)","decl":{"start":{"line":172,"column":30},"end":{"line":172,"column":31}},"loc":{"start":{"line":173,"column":18},"end":{"line":176,"column":23}},"line":173},"4":{"name":"Products","decl":{"start":{"line":188,"column":9},"end":{"line":188,"column":17}},"loc":{"start":{"line":188,"column":20},"end":{"line":268,"column":1}},"line":188},"5":{"name":"(anonymous_5)","decl":{"start":{"line":217,"column":26},"end":{"line":217,"column":27}},"loc":{"start":{"line":218,"column":10},"end":{"line":227,"column":16}},"line":218},"6":{"name":"(anonymous_6)","decl":{"start":{"line":233,"column":23},"end":{"line":233,"column":24}},"loc":{"start":{"line":234,"column":8},"end":{"line":234,"column":51}},"line":234}},"branchMap":{},"s":{"0":1,"1":1,"2":3,"3":13,"4":11,"5":16,"6":1,"7":4,"8":3},"f":{"0":3,"1":13,"2":11,"3":16,"4":1,"5":4,"6":3},"b":{},"_coverageSchema":"1a1c01bbd47fc00a2c39e90264f33305004495a9","hash":"63086ad3859d26f7696c99d2a530b114d297205f"}
,"C:\\Users\\aksha\\OneDrive\\Desktop\\client-2\\flowrhex-B\\flowrhex-b\\src\\Components\\Services\\Services.jsx": {"path":"C:\\Users\\aksha\\OneDrive\\Desktop\\client-2\\flowrhex-B\\flowrhex-b\\src\\Components\\Services\\Services.jsx","statementMap":{"0":{"start":{"line":11,"column":21},"end":{"line":52,"column":1}},"1":{"start":{"line":55,"column":2},"end":{"line":85,"column":4}},"2":{"start":{"line":81,"column":12},"end":{"line":81,"column":55}}},"fnMap":{"0":{"name":"Services","decl":{"start":{"line":54,"column":9},"end":{"line":54,"column":17}},"loc":{"start":{"line":54,"column":20},"end":{"line":86,"column":1}},"line":54},"1":{"name":"(anonymous_1)","decl":{"start":{"line":80,"column":28},"end":{"line":80,"column":29}},"loc":{"start":{"line":81,"column":12},"end":{"line":81,"column":55}},"line":81}},"branchMap":{},"s":{"0":1,"1":3,"2":12},"f":{"0":3,"1":12},"b":{},"_coverageSchema":"1a1c01bbd47fc00a2c39e90264f33305004495a9","hash":"5b473a4cc5039f3409d70dcb435c9ffeedb74107"}
,"C:\\Users\\aksha\\OneDrive\\Desktop\\client-2\\flowrhex-B\\flowrhex-b\\src\\Components\\Servicesection\\Servicesection.jsx": {"path":"C:\\Users\\aksha\\OneDrive\\Desktop\\client-2\\flowrhex-B\\flowrhex-b\\src\\Components\\Servicesection\\Servicesection.jsx","statementMap":{"0":{"start":{"line":5,"column":2},"end":{"line":30,"column":4}},"1":{"start":{"line":14,"column":10},"end":{"line":19,"column":14}}},"fnMap":{"0":{"name":"ServiceSection","decl":{"start":{"line":4,"column":9},"end":{"line":4,"column":23}},"loc":{"start":{"line":4,"column":64},"end":{"line":31,"column":1}},"line":4},"1":{"name":"(anonymous_1)","decl":{"start":{"line":13,"column":25},"end":{"line":13,"column":26}},"loc":{"start":{"line":14,"column":10},"end":{"line":19,"column":14}},"line":14}},"branchMap":{"0":{"loc":{"start":{"line":6,"column":99},"end":{"line":6,"column":135}},"type":"cond-expr","locations":[{"start":{"line":6,"column":109},"end":{"line":6,"column":130}},{"start":{"line":6,"column":133},"end":{"line":6,"column":135}}],"line":6}},"s":{"0":12,"1":24},"f":{"0":12,"1":24},"b":{"0":[6,6]},"_coverageSchema":"1a1c01bbd47fc00a2c39e90264f33305004495a9","hash":"49794334816dacf6735ea68365d3d62b71f6f4f2"}
,"C:\\Users\\aksha\\OneDrive\\Desktop\\client-2\\flowrhex-B\\flowrhex-b\\src\\Components\\Technology\\Technology.jsx": {"path":"C:\\Users\\aksha\\OneDrive\\Desktop\\client-2\\flowrhex-B\\flowrhex-b\\src\\Components\\Technology\\Technology.jsx","statementMap":{"0":{"start":{"line":15,"column":17},"end":{"line":55,"column":1}},"1":{"start":{"line":58,"column":2},"end":{"line":143,"column":4}},"2":{"start":{"line":113,"column":14},"end":{"line":128,"column":20}}},"fnMap":{"0":{"name":"Technology","decl":{"start":{"line":57,"column":9},"end":{"line":57,"column":19}},"loc":{"start":{"line":57,"column":22},"end":{"line":144,"column":1}},"line":57},"1":{"name":"(anonymous_1)","decl":{"start":{"line":112,"column":26},"end":{"line":112,"column":27}},"loc":{"start":{"line":113,"column":14},"end":{"line":128,"column":20}},"line":113}},"branchMap":{},"s":{"0":1,"1":5,"2":45},"f":{"0":5,"1":45},"b":{},"_coverageSchema":"1a1c01bbd47fc00a2c39e90264f33305004495a9","hash":"6ccda852bbf1977400344153e14dc56a03d772af"}
}
