TN:
SF:src\components\About\About.jsx
FN:9,(anonymous_0)
FN:59,(anonymous_1)
FN:71,(anonymous_2)
FN:74,(anonymous_3)
FN:110,(anonymous_4)
FN:159,(anonymous_5)
FNF:6
FNH:6
FNDA:24,(anonymous_0)
FNDA:24,(anonymous_1)
FNDA:18,(anonymous_2)
FNDA:1,(anonymous_3)
FNDA:6,(anonymous_4)
FNDA:18,(anonymous_5)
DA:9,1
DA:10,24
DA:26,1
DA:59,1
DA:60,24
DA:71,1
DA:72,18
DA:74,18
DA:75,1
DA:78,18
DA:110,1
DA:111,6
DA:160,18
LF:13
LH:13
BRF:0
BRH:0
end_of_record
TN:
SF:src\components\Contact\Contact.jsx
FN:8,Contact
FN:17,(anonymous_1)
FN:67,(anonymous_2)
FNF:3
FNH:3
FNDA:4,Contact
FNDA:1,(anonymous_1)
FNDA:12,(anonymous_2)
DA:18,1
DA:19,1
DA:20,1
DA:21,1
DA:26,4
DA:68,12
LF:6
LH:6
BRDA:9,0,0,4
BRDA:10,1,0,4
BRDA:11,2,0,4
BRDA:16,3,0,4
BRDA:17,4,0,4
BRF:5
BRH:5
end_of_record
TN:
SF:src\components\Navbar\Navbar.jsx
FN:14,(anonymous_0)
FN:31,(anonymous_1)
FN:92,(anonymous_2)
FN:146,(anonymous_3)
FN:169,(anonymous_4)
FN:178,(anonymous_5)
FNF:6
FNH:6
FNDA:14,(anonymous_0)
FNDA:14,(anonymous_1)
FNDA:4,(anonymous_2)
FNDA:84,(anonymous_3)
FNDA:18,(anonymous_4)
FNDA:1,(anonymous_5)
DA:14,1
DA:15,14
DA:31,1
DA:32,14
DA:33,14
DA:35,14
DA:44,14
DA:92,4
DA:147,84
DA:148,84
DA:170,18
DA:171,18
DA:178,1
LF:13
LH:13
BRDA:93,0,0,3
BRDA:93,0,1,11
BRDA:153,1,0,14
BRDA:153,1,1,70
BRDA:164,2,0,14
BRDA:164,2,1,3
BRDA:180,3,0,3
BRDA:180,3,1,15
BRF:8
BRH:8
end_of_record
TN:
SF:src\components\Productitems\Productitem.jsx
FN:5,ProductItem
FNF:1
FNH:1
FNDA:1,ProductItem
DA:6,1
LF:1
LH:1
BRF:0
BRH:0
end_of_record
TN:
SF:src\components\Products\Products.jsx
FN:112,ProductDetails
FN:126,(anonymous_1)
FN:137,(anonymous_2)
FN:148,(anonymous_3)
FN:164,Products
FN:193,(anonymous_5)
FN:209,(anonymous_6)
FNF:7
FNH:7
FNDA:3,ProductDetails
FNDA:13,(anonymous_1)
FNDA:10,(anonymous_2)
FNDA:17,(anonymous_3)
FNDA:1,Products
FNDA:4,(anonymous_5)
FNDA:3,(anonymous_6)
DA:14,1
DA:34,1
DA:113,3
DA:127,13
DA:138,10
DA:149,17
DA:165,1
DA:194,4
DA:210,3
DA:219,1
LF:10
LH:10
BRF:0
BRH:0
end_of_record
TN:
SF:src\components\Services\Services.jsx
FN:54,Services
FN:80,(anonymous_1)
FNF:2
FNH:2
FNDA:3,Services
FNDA:12,(anonymous_1)
DA:11,1
DA:55,3
DA:81,12
LF:3
LH:3
BRF:0
BRH:0
end_of_record
TN:
SF:src\components\Servicesection\Servicesection.jsx
FN:4,ServiceSection
FN:13,(anonymous_1)
FNF:2
FNH:2
FNDA:12,ServiceSection
FNDA:24,(anonymous_1)
DA:5,12
DA:14,24
LF:2
LH:2
BRDA:6,0,0,6
BRDA:6,0,1,6
BRF:2
BRH:2
end_of_record
TN:
SF:src\components\Technology\Technology.jsx
FN:57,Technology
FN:112,(anonymous_1)
FNF:2
FNH:2
FNDA:5,Technology
FNDA:45,(anonymous_1)
DA:15,1
DA:58,5
DA:113,45
LF:3
LH:3
BRF:0
BRH:0
end_of_record
