TN:
SF:src\Components\About\About.jsx
FN:9,(anonymous_0)
FN:59,(anonymous_1)
FN:71,(anonymous_2)
FN:74,(anonymous_3)
FN:110,(anonymous_4)
FN:159,(anonymous_5)
FNF:6
FNH:6
FNDA:24,(anonymous_0)
FNDA:24,(anonymous_1)
FNDA:18,(anonymous_2)
FNDA:1,(anonymous_3)
FNDA:6,(anonymous_4)
FNDA:18,(anonymous_5)
DA:9,1
DA:10,24
DA:26,1
DA:59,1
DA:60,24
DA:71,1
DA:72,18
DA:74,18
DA:75,1
DA:78,18
DA:110,1
DA:111,6
DA:160,18
LF:13
LH:13
BRF:0
BRH:0
end_of_record
TN:
SF:src\Components\Contact\Contact.jsx
FN:9,Contact
FN:18,(anonymous_1)
FN:58,(anonymous_2)
FNF:3
FNH:3
FNDA:4,Contact
FNDA:1,(anonymous_1)
FNDA:12,(anonymous_2)
DA:20,4
DA:59,12
LF:2
LH:2
BRDA:10,0,0,4
BRDA:11,1,0,4
BRDA:12,2,0,4
BRDA:17,3,0,4
BRDA:18,4,0,4
BRF:5
BRH:5
end_of_record
TN:
SF:src\Components\Navbar\Navbar.jsx
FN:14,(anonymous_0)
FN:31,(anonymous_1)
FN:92,(anonymous_2)
FN:146,(anonymous_3)
FN:169,(anonymous_4)
FN:178,(anonymous_5)
FNF:6
FNH:6
FNDA:14,(anonymous_0)
FNDA:14,(anonymous_1)
FNDA:4,(anonymous_2)
FNDA:84,(anonymous_3)
FNDA:18,(anonymous_4)
FNDA:1,(anonymous_5)
DA:14,1
DA:15,14
DA:31,1
DA:32,14
DA:33,14
DA:35,14
DA:44,14
DA:92,4
DA:147,84
DA:148,84
DA:170,18
DA:171,18
DA:178,1
LF:13
LH:13
BRDA:93,0,0,3
BRDA:93,0,1,11
BRDA:153,1,0,14
BRDA:153,1,1,70
BRDA:164,2,0,14
BRDA:164,2,1,3
BRDA:180,3,0,3
BRDA:180,3,1,15
BRF:8
BRH:8
end_of_record
TN:
SF:src\Components\Products\Products.jsx
FN:109,ProductDetails
FN:132,(anonymous_1)
FN:152,(anonymous_2)
FN:172,(anonymous_3)
FN:188,Products
FN:217,(anonymous_5)
FN:233,(anonymous_6)
FNF:7
FNH:7
FNDA:3,ProductDetails
FNDA:13,(anonymous_1)
FNDA:11,(anonymous_2)
FNDA:16,(anonymous_3)
FNDA:1,Products
FNDA:4,(anonymous_5)
FNDA:3,(anonymous_6)
DA:12,1
DA:32,1
DA:110,3
DA:133,13
DA:153,11
DA:173,16
DA:189,1
DA:218,4
DA:234,3
LF:9
LH:9
BRF:0
BRH:0
end_of_record
TN:
SF:src\Components\Services\Services.jsx
FN:54,Services
FN:80,(anonymous_1)
FNF:2
FNH:2
FNDA:3,Services
FNDA:12,(anonymous_1)
DA:11,1
DA:55,3
DA:81,12
LF:3
LH:3
BRF:0
BRH:0
end_of_record
TN:
SF:src\Components\Servicesection\Servicesection.jsx
FN:4,ServiceSection
FN:13,(anonymous_1)
FNF:2
FNH:2
FNDA:12,ServiceSection
FNDA:24,(anonymous_1)
DA:5,12
DA:14,24
LF:2
LH:2
BRDA:6,0,0,6
BRDA:6,0,1,6
BRF:2
BRH:2
end_of_record
TN:
SF:src\Components\Technology\Technology.jsx
FN:57,Technology
FN:112,(anonymous_1)
FNF:2
FNH:2
FNDA:5,Technology
FNDA:45,(anonymous_1)
DA:15,1
DA:58,5
DA:113,45
LF:3
LH:3
BRF:0
BRH:0
end_of_record
